Command line:
"travis version"


   ________                                 __
  /        |                               /  |
  ########/ ______    ______    __     __  ##/    _______
     ## |  /      \  /      \  /  \   /  | /  |  /       |
     ## | /######  | ######  | ##  \ /##/  ## | /#######/
     ## | ## |  ##/  /    ## |  ##  /##/   ## | ##      \
     ## | ## |      /####### |   ## ##/    ## |  ######  |
     ## | ## |      ##    ## |    ###/     ## | /     ##/
     ##/  ##/        #######/      #/      ##/  #######/

     TRajectory Analyzer and VISualizer     Open-source freeware under GNU GPL v3

     Copyright (c) Martin Brehm  (2009-now),  Martin Thomas (2012-now)
                   Kirchner Group, University of Leipzig / University of Bonn.

     http://www.travis-analyzer.de

     Please cite:
     M. Brehm and B. Kirchner, J. Chem. Inf. Model. 2011, 51 (8), pp 2007-2023.

     There is absolutely no warranty on any results obtained from TRAVIS.

  #  Running on boyan-Lenovo-Z580 at Sat Mar 29 22:12:19 2014.
  #  Running in /home/boyan/Projects/ilg-site
  #  Source code version: Jul 20 2013.
  #  Compiled at Jul 20 2013 17:18:01.
  #  Compiler version: 4.8.1
  #  Target platform: Linux
  #  Compile flags: 
  #  Machine: int=4b, long=8b, addr=8b, 0xA0B0C0D0=D0,C0,B0,A0.
  #  User home: /home/boyan
  #  Exe path: /usr/bin/travis
  #  Input from terminal, Output to terminal

 >>> Please use a color scheme with dark background or specify "-nocolor"! <<<

    No configuration file found.
    Writing default configuration to /home/boyan/.travis.conf ...

Unknown parameter: "version".

     List of supported command line options:

     -p <file>      Loads position data from the specified trajectory file.
                    The file format may be *.xyz, *.pdb, *.lmp (Lammps) or HISTORY (DLPOLY).
     -i <file>      Reads input from the specified text file.

     -config <file> Load the specified configuration file.
     -stream        Treats input trajectory as a stream (e.g. named pipe): No fseek, etc.
     -showconf      Shows a tree structure of the configuration file.
     -writeconf     Writes the default configuration file, including all defines values.

     -verbose       Show detailed information about what's going on.
     -nocolor       Executes TRAVIS in monochrome mode.
     -dimcolor      Uses dim instead of bright colors.

     -help, -?      Shows this help.

If only one parameter is specified, it is assumed to be the name of a trajectory file.
If no trajectory file ("-p") is specified, TRAVIS asks for the trajectory file to open.

  >>> Credits <<<

    > Martin Brehm (*)    Main Developer (2009 - now)
    > Martin Thomas (*)   Main Developer (2012 - now)
    > Barbara Kirchner    Group Leader

    > Marc Bruessel       Testing and Debugging
    > Philipp di Dio (*)  Atom Parameters and Math Support
    > Dorothea Golze      Testing and Debugging
    > Daniela Kerle       Name Finding
    > Miriam Kohagen      Testing and Debugging
    > Fred Malberg        Leading Bug Finder :-)
    > Matthias Schoeppke  Testing and new Ideas
    > Jens Thar (*)       Fruitful Discussion and Scientific Input
    > Henry Weber (*)     Testing, Debugging and creative Ideas

    (*) Office 42 - "answer to all questions".

    Code from other persons used in TRAVIS:
      - lmfit     from Joachim Wuttke
      - kiss_fft  from Mark Borgerding
      - voro++    from Chris Rycroft

    http://www.travis-analyzer.de

    Please cite:

  * "TRAVIS - A Free Analyzer and Visualizer for Monte Carlo and Molecular Dynamics Trajectories",
    M. Brehm, B. Kirchner; J. Chem. Inf. Model. 2011, 51 (8), pp 2007-2023.

*** The End ***

